D:\Documents\vs向导测试\Get AsmCode\Build\\Debug 32-bit\Get AsmCode.pdb
D:\DOCUMENTS\VS向导测试\GET ASMCODE\BUILD\DEBUG 32-BIT\GET ASMCODE.MPV
D:\DOCUMENTS\VS向导测试\GET ASMCODE\BUILD\DEBUG 32-BIT\GET ASMCODE.PDB
D:\Documents\vs向导测试\Get AsmCode\Build\Debug 32-bit\Get AsmCode-6.1-d.exp
D:\DOCUMENTS\VS向导测试\GET ASMCODE\BUILD\DEBUG 32-BIT\GET ASMCODE-6.1-D.ILK
D:\Documents\vs向导测试\Get AsmCode\Build\Debug 32-bit\Get AsmCode-6.1-d.lib
D:\DOCUMENTS\VS向导测试\GET ASMCODE\BUILD\DEBUG 32-BIT\GET ASMCODE-6.1-D.PLW
D:\Documents\vs向导测试\Get AsmCode\Get AsmCode\Build\Debug 32-bit\cl.command.1.tlog
D:\Documents\vs向导测试\Get AsmCode\Get AsmCode\Build\Debug 32-bit\CL.read.1.tlog
D:\Documents\vs向导测试\Get AsmCode\Get AsmCode\Build\Debug 32-bit\CL.write.1.tlog
D:\DOCUMENTS\VS向导测试\GET ASMCODE\GET ASMCODE\BUILD\DEBUG 32-BIT\GET ASMCODE.OBJ
D:\DOCUMENTS\VS向导测试\GET ASMCODE\GET ASMCODE\BUILD\DEBUG 32-BIT\GET ASMCODE.RES
D:\Documents\vs向导测试\Get AsmCode\Get AsmCode\Build\Debug 32-bit\Get AsmCode.write.1.tlog
D:\Documents\vs向导测试\Get AsmCode\Get AsmCode\Build\Debug 32-bit\link.command.1.tlog
D:\Documents\vs向导测试\Get AsmCode\Get AsmCode\Build\Debug 32-bit\link.read.1.tlog
D:\Documents\vs向导测试\Get AsmCode\Get AsmCode\Build\Debug 32-bit\link.write.1.tlog
D:\Documents\vs向导测试\Get AsmCode\Get AsmCode\Build\Debug 32-bit\link-cvtres.read.1.tlog
D:\Documents\vs向导测试\Get AsmCode\Get AsmCode\Build\Debug 32-bit\link-cvtres.write.1.tlog
D:\Documents\vs向导测试\Get AsmCode\Get AsmCode\Build\Debug 32-bit\rc.command.1.tlog
D:\Documents\vs向导测试\Get AsmCode\Get AsmCode\Build\Debug 32-bit\rc.read.1.tlog
D:\Documents\vs向导测试\Get AsmCode\Get AsmCode\Build\Debug 32-bit\rc.write.1.tlog
D:\Documents\vs向导测试\Get AsmCode\Get AsmCode\Build\Debug 32-bit\vc100.idb
D:\DOCUMENTS\VS向导测试\GET ASMCODE\GET ASMCODE\BUILD\DEBUG 32-BIT\VC100.PDB
